1521152211739	geckodriver	INFO	geckodriver 0.18.0
1521152211742	geckodriver	INFO	Listening on 127.0.0.1:49533
1521153317954	geckodriver	INFO	geckodriver 0.18.0
1521153317959	geckodriver	INFO	Listening on 127.0.0.1:46217
1521153364492	geckodriver	INFO	geckodriver 0.18.0
1521153364498	geckodriver	INFO	Listening on 127.0.0.1:60571
1521153612328	geckodriver	INFO	geckodriver 0.18.0
1521153612331	geckodriver	INFO	Listening on 127.0.0.1:53083
1521153612424	geckodriver::marionette	INFO	Starting browser /usr/bin/firefox with args ["-marionette"]

(firefox:13652): Gtk-WARNING **: Theme parsing error: gtk-widgets.css:2045:14: 'min-height' is not a valid property name

(firefox:13652): Gtk-WARNING **: Theme parsing error: gtk-widgets.css:2046:13: 'min-width' is not a valid property name

(firefox:13652): Gtk-WARNING **: Theme parsing error: gtk-widgets.css:2051:13: 'min-width' is not a valid property name
1521153613214	Marionette	INFO	Enabled via --marionette

(/usr/lib/firefox/firefox:13706): Gtk-WARNING **: Theme parsing error: gtk-widgets.css:2045:14: 'min-height' is not a valid property name

(/usr/lib/firefox/firefox:13706): Gtk-WARNING **: Theme parsing error: gtk-widgets.css:2046:13: 'min-width' is not a valid property name

(/usr/lib/firefox/firefox:13706): Gtk-WARNING **: Theme parsing error: gtk-widgets.css:2051:13: 'min-width' is not a valid property name

(/usr/lib/firefox/firefox:13744): Gtk-WARNING **: Theme parsing error: gtk-widgets.css:2045:14: 'min-height' is not a valid property name

(/usr/lib/firefox/firefox:13744): Gtk-WARNING **: Theme parsing error: gtk-widgets.css:2046:13: 'min-width' is not a valid property name

(/usr/lib/firefox/firefox:13744): Gtk-WARNING **: Theme parsing error: gtk-widgets.css:2051:13: 'min-width' is not a valid property name
1521153616456	Marionette	INFO	Listening on port 34837
1521153617536	Marionette	WARN	TLS certificate errors will be ignored for this session
1521153650280	geckodriver	INFO	geckodriver 0.18.0
1521153650283	geckodriver	INFO	Listening on 127.0.0.1:38267
1521153650378	geckodriver::marionette	INFO	Starting browser /usr/bin/firefox with args ["-marionette"]

(firefox:13887): Gtk-WARNING **: Theme parsing error: gtk-widgets.css:2045:14: 'min-height' is not a valid property name

(firefox:13887): Gtk-WARNING **: Theme parsing error: gtk-widgets.css:2046:13: 'min-width' is not a valid property name

(firefox:13887): Gtk-WARNING **: Theme parsing error: gtk-widgets.css:2051:13: 'min-width' is not a valid property name
1521153651160	Marionette	INFO	Enabled via --marionette

(/usr/lib/firefox/firefox:13941): Gtk-WARNING **: Theme parsing error: gtk-widgets.css:2045:14: 'min-height' is not a valid property name

(/usr/lib/firefox/firefox:13941): Gtk-WARNING **: Theme parsing error: gtk-widgets.css:2046:13: 'min-width' is not a valid property name

(/usr/lib/firefox/firefox:13941): Gtk-WARNING **: Theme parsing error: gtk-widgets.css:2051:13: 'min-width' is not a valid property name

(/usr/lib/firefox/firefox:13979): Gtk-WARNING **: Theme parsing error: gtk-widgets.css:2045:14: 'min-height' is not a valid property name

(/usr/lib/firefox/firefox:13979): Gtk-WARNING **: Theme parsing error: gtk-widgets.css:2046:13: 'min-width' is not a valid property name

(/usr/lib/firefox/firefox:13979): Gtk-WARNING **: Theme parsing error: gtk-widgets.css:2051:13: 'min-width' is not a valid property name
1521153654136	Marionette	INFO	Listening on port 34255
1521153655196	Marionette	WARN	TLS certificate errors will be ignored for this session
1521153691021	geckodriver	INFO	geckodriver 0.18.0
1521153691025	geckodriver	INFO	Listening on 127.0.0.1:41821
1521153692119	geckodriver::marionette	INFO	Starting browser /usr/bin/firefox with args ["-marionette"]

(firefox:14090): Gtk-WARNING **: Theme parsing error: gtk-widgets.css:2045:14: 'min-height' is not a valid property name

(firefox:14090): Gtk-WARNING **: Theme parsing error: gtk-widgets.css:2046:13: 'min-width' is not a valid property name

(firefox:14090): Gtk-WARNING **: Theme parsing error: gtk-widgets.css:2051:13: 'min-width' is not a valid property name
1521153692906	Marionette	INFO	Enabled via --marionette

(/usr/lib/firefox/firefox:14144): Gtk-WARNING **: Theme parsing error: gtk-widgets.css:2045:14: 'min-height' is not a valid property name

(/usr/lib/firefox/firefox:14144): Gtk-WARNING **: Theme parsing error: gtk-widgets.css:2046:13: 'min-width' is not a valid property name

(/usr/lib/firefox/firefox:14144): Gtk-WARNING **: Theme parsing error: gtk-widgets.css:2051:13: 'min-width' is not a valid property name

(/usr/lib/firefox/firefox:14181): Gtk-WARNING **: Theme parsing error: gtk-widgets.css:2045:14: 'min-height' is not a valid property name

(/usr/lib/firefox/firefox:14181): Gtk-WARNING **: Theme parsing error: gtk-widgets.css:2046:13: 'min-width' is not a valid property name

(/usr/lib/firefox/firefox:14181): Gtk-WARNING **: Theme parsing error: gtk-widgets.css:2051:13: 'min-width' is not a valid property name
1521153695884	Marionette	INFO	Listening on port 42037
1521153695932	Marionette	WARN	TLS certificate errors will be ignored for this session
[GFX1-]: Receive IPC close with reason=AbnormalShutdown
[Child 14144, Chrome_ChildThread] WARNING: pipe error (34): Connection reset by peer: file /build/firefox-NJKMFd/firefox-59.0+build5/ipc/chromium/src/chrome/common/ipc_channel_posix.cc, line 353
[Child 14144, Chrome_ChildThread] WARNING: pipe error (3): Connection reset by peer: file /build/firefox-NJKMFd/firefox-59.0+build5/ipc/chromium/src/chrome/common/ipc_channel_posix.cc, line 353
[GFX1-]: Receive IPC close with reason=AbnormalShutdown
[Child 14181, Chrome_ChildThread] WARNING: pipe error (3): Connection reset by peer: file /build/firefox-NJKMFd/firefox-59.0+build5/ipc/chromium/src/chrome/common/ipc_channel_posix.cc, line 353
1521153735699	geckodriver	INFO	geckodriver 0.18.0
1521153735703	geckodriver	INFO	Listening on 127.0.0.1:56801
1521153736820	geckodriver::marionette	INFO	Starting browser /usr/bin/firefox with args ["-marionette"]

(firefox:14297): Gtk-WARNING **: Theme parsing error: gtk-widgets.css:2045:14: 'min-height' is not a valid property name

(firefox:14297): Gtk-WARNING **: Theme parsing error: gtk-widgets.css:2046:13: 'min-width' is not a valid property name

(firefox:14297): Gtk-WARNING **: Theme parsing error: gtk-widgets.css:2051:13: 'min-width' is not a valid property name
1521153737586	Marionette	INFO	Enabled via --marionette

(/usr/lib/firefox/firefox:14352): Gtk-WARNING **: Theme parsing error: gtk-widgets.css:2045:14: 'min-height' is not a valid property name

(/usr/lib/firefox/firefox:14352): Gtk-WARNING **: Theme parsing error: gtk-widgets.css:2046:13: 'min-width' is not a valid property name

(/usr/lib/firefox/firefox:14352): Gtk-WARNING **: Theme parsing error: gtk-widgets.css:2051:13: 'min-width' is not a valid property name

(/usr/lib/firefox/firefox:14390): Gtk-WARNING **: Theme parsing error: gtk-widgets.css:2045:14: 'min-height' is not a valid property name

(/usr/lib/firefox/firefox:14390): Gtk-WARNING **: Theme parsing error: gtk-widgets.css:2046:13: 'min-width' is not a valid property name

(/usr/lib/firefox/firefox:14390): Gtk-WARNING **: Theme parsing error: gtk-widgets.css:2051:13: 'min-width' is not a valid property name
1521153740390	Marionette	INFO	Listening on port 33173
1521153740444	Marionette	WARN	TLS certificate errors will be ignored for this session
1521153807860	geckodriver	INFO	geckodriver 0.18.0
1521153807864	geckodriver	INFO	Listening on 127.0.0.1:40951
1521153808956	geckodriver::marionette	INFO	Starting browser /usr/bin/firefox with args ["-marionette"]

(firefox:14593): Gtk-WARNING **: Theme parsing error: gtk-widgets.css:2045:14: 'min-height' is not a valid property name

(firefox:14593): Gtk-WARNING **: Theme parsing error: gtk-widgets.css:2046:13: 'min-width' is not a valid property name

(firefox:14593): Gtk-WARNING **: Theme parsing error: gtk-widgets.css:2051:13: 'min-width' is not a valid property name
1521153809852	Marionette	INFO	Enabled via --marionette

(/usr/lib/firefox/firefox:14685): Gtk-WARNING **: Theme parsing error: gtk-widgets.css:2045:14: 'min-height' is not a valid property name

(/usr/lib/firefox/firefox:14685): Gtk-WARNING **: Theme parsing error: gtk-widgets.css:2046:13: 'min-width' is not a valid property name

(/usr/lib/firefox/firefox:14685): Gtk-WARNING **: Theme parsing error: gtk-widgets.css:2051:13: 'min-width' is not a valid property name

(/usr/lib/firefox/firefox:14723): Gtk-WARNING **: Theme parsing error: gtk-widgets.css:2045:14: 'min-height' is not a valid property name

(/usr/lib/firefox/firefox:14723): Gtk-WARNING **: Theme parsing error: gtk-widgets.css:2046:13: 'min-width' is not a valid property name

(/usr/lib/firefox/firefox:14723): Gtk-WARNING **: Theme parsing error: gtk-widgets.css:2051:13: 'min-width' is not a valid property name
1521153812778	Marionette	INFO	Listening on port 39625
1521153813840	Marionette	WARN	TLS certificate errors will be ignored for this session
1521153851143	geckodriver	INFO	geckodriver 0.18.0
1521153851148	geckodriver	INFO	Listening on 127.0.0.1:55157
1521153852237	geckodriver::marionette	INFO	Starting browser /usr/bin/firefox with args ["-marionette"]

(firefox:14893): Gtk-WARNING **: Theme parsing error: gtk-widgets.css:2045:14: 'min-height' is not a valid property name

(firefox:14893): Gtk-WARNING **: Theme parsing error: gtk-widgets.css:2046:13: 'min-width' is not a valid property name

(firefox:14893): Gtk-WARNING **: Theme parsing error: gtk-widgets.css:2051:13: 'min-width' is not a valid property name
1521153852910	Marionette	INFO	Enabled via --marionette

(/usr/lib/firefox/firefox:14947): Gtk-WARNING **: Theme parsing error: gtk-widgets.css:2045:14: 'min-height' is not a valid property name

(/usr/lib/firefox/firefox:14947): Gtk-WARNING **: Theme parsing error: gtk-widgets.css:2046:13: 'min-width' is not a valid property name

(/usr/lib/firefox/firefox:14947): Gtk-WARNING **: Theme parsing error: gtk-widgets.css:2051:13: 'min-width' is not a valid property name

(/usr/lib/firefox/firefox:14984): Gtk-WARNING **: Theme parsing error: gtk-widgets.css:2045:14: 'min-height' is not a valid property name

(/usr/lib/firefox/firefox:14984): Gtk-WARNING **: Theme parsing error: gtk-widgets.css:2046:13: 'min-width' is not a valid property name

(/usr/lib/firefox/firefox:14984): Gtk-WARNING **: Theme parsing error: gtk-widgets.css:2051:13: 'min-width' is not a valid property name
1521153855720	Marionette	INFO	Listening on port 46707
1521153855758	Marionette	WARN	TLS certificate errors will be ignored for this session
JavaScript error: http://0.0.0.0:8090/static/bootstrap/js/bootstrap.min.js, line 6: Error: Bootstrap's JavaScript requires jQuery
1521153887750	geckodriver	INFO	geckodriver 0.18.0
1521153887755	geckodriver	INFO	Listening on 127.0.0.1:49373
1521153888843	geckodriver::marionette	INFO	Starting browser /usr/bin/firefox with args ["-marionette"]

(firefox:15110): Gtk-WARNING **: Theme parsing error: gtk-widgets.css:2045:14: 'min-height' is not a valid property name

(firefox:15110): Gtk-WARNING **: Theme parsing error: gtk-widgets.css:2046:13: 'min-width' is not a valid property name

(firefox:15110): Gtk-WARNING **: Theme parsing error: gtk-widgets.css:2051:13: 'min-width' is not a valid property name
1521153889598	Marionette	INFO	Enabled via --marionette

(/usr/lib/firefox/firefox:15169): Gtk-WARNING **: Theme parsing error: gtk-widgets.css:2045:14: 'min-height' is not a valid property name

(/usr/lib/firefox/firefox:15169): Gtk-WARNING **: Theme parsing error: gtk-widgets.css:2046:13: 'min-width' is not a valid property name

(/usr/lib/firefox/firefox:15169): Gtk-WARNING **: Theme parsing error: gtk-widgets.css:2051:13: 'min-width' is not a valid property name

(/usr/lib/firefox/firefox:15206): Gtk-WARNING **: Theme parsing error: gtk-widgets.css:2045:14: 'min-height' is not a valid property name

(/usr/lib/firefox/firefox:15206): Gtk-WARNING **: Theme parsing error: gtk-widgets.css:2046:13: 'min-width' is not a valid property name

(/usr/lib/firefox/firefox:15206): Gtk-WARNING **: Theme parsing error: gtk-widgets.css:2051:13: 'min-width' is not a valid property name
1521153892468	Marionette	INFO	Listening on port 36221
1521153893536	Marionette	WARN	TLS certificate errors will be ignored for this session
JavaScript error: http://0.0.0.0:8090/static/bootstrap/js/bootstrap.min.js, line 6: Error: Bootstrap's JavaScript requires jQuery
1521153981462	geckodriver	INFO	geckodriver 0.18.0
1521153981465	geckodriver	INFO	Listening on 127.0.0.1:35769
1521153981555	geckodriver::marionette	INFO	Starting browser /usr/bin/firefox with args ["-marionette"]

(firefox:15460): Gtk-WARNING **: Theme parsing error: gtk-widgets.css:2045:14: 'min-height' is not a valid property name

(firefox:15460): Gtk-WARNING **: Theme parsing error: gtk-widgets.css:2046:13: 'min-width' is not a valid property name

(firefox:15460): Gtk-WARNING **: Theme parsing error: gtk-widgets.css:2051:13: 'min-width' is not a valid property name
1521153982284	Marionette	INFO	Enabled via --marionette

(/usr/lib/firefox/firefox:15515): Gtk-WARNING **: Theme parsing error: gtk-widgets.css:2045:14: 'min-height' is not a valid property name

(/usr/lib/firefox/firefox:15515): Gtk-WARNING **: Theme parsing error: gtk-widgets.css:2046:13: 'min-width' is not a valid property name

(/usr/lib/firefox/firefox:15515): Gtk-WARNING **: Theme parsing error: gtk-widgets.css:2051:13: 'min-width' is not a valid property name

(/usr/lib/firefox/firefox:15553): Gtk-WARNING **: Theme parsing error: gtk-widgets.css:2045:14: 'min-height' is not a valid property name

(/usr/lib/firefox/firefox:15553): Gtk-WARNING **: Theme parsing error: gtk-widgets.css:2046:13: 'min-width' is not a valid property name

(/usr/lib/firefox/firefox:15553): Gtk-WARNING **: Theme parsing error: gtk-widgets.css:2051:13: 'min-width' is not a valid property name
1521153985068	Marionette	INFO	Listening on port 44153
1521153986142	Marionette	WARN	TLS certificate errors will be ignored for this session
JavaScript error: http://0.0.0.0:8090/static/bootstrap/js/bootstrap.min.js, line 6: Error: Bootstrap's JavaScript requires jQuery
1521154100307	geckodriver	INFO	geckodriver 0.18.0
1521154100311	geckodriver	INFO	Listening on 127.0.0.1:58893
1521154101401	geckodriver::marionette	INFO	Starting browser /usr/bin/firefox with args ["-marionette"]

(firefox:15839): Gtk-WARNING **: Theme parsing error: gtk-widgets.css:2045:14: 'min-height' is not a valid property name

(firefox:15839): Gtk-WARNING **: Theme parsing error: gtk-widgets.css:2046:13: 'min-width' is not a valid property name

(firefox:15839): Gtk-WARNING **: Theme parsing error: gtk-widgets.css:2051:13: 'min-width' is not a valid property name
1521154102132	Marionette	INFO	Enabled via --marionette

(/usr/lib/firefox/firefox:15893): Gtk-WARNING **: Theme parsing error: gtk-widgets.css:2045:14: 'min-height' is not a valid property name

(/usr/lib/firefox/firefox:15893): Gtk-WARNING **: Theme parsing error: gtk-widgets.css:2046:13: 'min-width' is not a valid property name

(/usr/lib/firefox/firefox:15893): Gtk-WARNING **: Theme parsing error: gtk-widgets.css:2051:13: 'min-width' is not a valid property name

(/usr/lib/firefox/firefox:15931): Gtk-WARNING **: Theme parsing error: gtk-widgets.css:2045:14: 'min-height' is not a valid property name

(/usr/lib/firefox/firefox:15931): Gtk-WARNING **: Theme parsing error: gtk-widgets.css:2046:13: 'min-width' is not a valid property name

(/usr/lib/firefox/firefox:15931): Gtk-WARNING **: Theme parsing error: gtk-widgets.css:2051:13: 'min-width' is not a valid property name
1521154105108	Marionette	INFO	Listening on port 34951
1521154105126	Marionette	WARN	TLS certificate errors will be ignored for this session
JavaScript error: http://0.0.0.0:8090/static/bootstrap/js/bootstrap.min.js, line 6: Error: Bootstrap's JavaScript requires jQuery
1521154117165	geckodriver	INFO	geckodriver 0.18.0
1521154117169	geckodriver	INFO	Listening on 127.0.0.1:32927
1521154118258	geckodriver::marionette	INFO	Starting browser /usr/bin/firefox with args ["-marionette"]

(firefox:16103): Gtk-WARNING **: Theme parsing error: gtk-widgets.css:2045:14: 'min-height' is not a valid property name

(firefox:16103): Gtk-WARNING **: Theme parsing error: gtk-widgets.css:2046:13: 'min-width' is not a valid property name

(firefox:16103): Gtk-WARNING **: Theme parsing error: gtk-widgets.css:2051:13: 'min-width' is not a valid property name
1521154118972	Marionette	INFO	Enabled via --marionette

(/usr/lib/firefox/firefox:16160): Gtk-WARNING **: Theme parsing error: gtk-widgets.css:2045:14: 'min-height' is not a valid property name

(/usr/lib/firefox/firefox:16160): Gtk-WARNING **: Theme parsing error: gtk-widgets.css:2046:13: 'min-width' is not a valid property name

(/usr/lib/firefox/firefox:16160): Gtk-WARNING **: Theme parsing error: gtk-widgets.css:2051:13: 'min-width' is not a valid property name

(/usr/lib/firefox/firefox:16197): Gtk-WARNING **: Theme parsing error: gtk-widgets.css:2045:14: 'min-height' is not a valid property name

(/usr/lib/firefox/firefox:16197): Gtk-WARNING **: Theme parsing error: gtk-widgets.css:2046:13: 'min-width' is not a valid property name

(/usr/lib/firefox/firefox:16197): Gtk-WARNING **: Theme parsing error: gtk-widgets.css:2051:13: 'min-width' is not a valid property name
1521154121992	Marionette	INFO	Listening on port 44923
1521154123056	Marionette	WARN	TLS certificate errors will be ignored for this session
JavaScript error: http://0.0.0.0:8090/static/bootstrap/js/bootstrap.min.js, line 6: Error: Bootstrap's JavaScript requires jQuery
[Child 16160, Chrome_ChildThread] WARNING: pipe error (23): Connection reset by peer: file /build/firefox-NJKMFd/firefox-59.0+build5/ipc/chromium/src/chrome/common/ipc_channel_posix.cc, line 353
1521154147826	geckodriver	INFO	geckodriver 0.18.0
1521154147829	geckodriver	INFO	Listening on 127.0.0.1:59927
1521154147924	geckodriver::marionette	INFO	Starting browser /usr/bin/firefox with args ["-marionette"]

(firefox:16316): Gtk-WARNING **: Theme parsing error: gtk-widgets.css:2045:14: 'min-height' is not a valid property name

(firefox:16316): Gtk-WARNING **: Theme parsing error: gtk-widgets.css:2046:13: 'min-width' is not a valid property name

(firefox:16316): Gtk-WARNING **: Theme parsing error: gtk-widgets.css:2051:13: 'min-width' is not a valid property name
1521154148674	Marionette	INFO	Enabled via --marionette

(/usr/lib/firefox/firefox:16370): Gtk-WARNING **: Theme parsing error: gtk-widgets.css:2045:14: 'min-height' is not a valid property name

(/usr/lib/firefox/firefox:16370): Gtk-WARNING **: Theme parsing error: gtk-widgets.css:2046:13: 'min-width' is not a valid property name

(/usr/lib/firefox/firefox:16370): Gtk-WARNING **: Theme parsing error: gtk-widgets.css:2051:13: 'min-width' is not a valid property name

(/usr/lib/firefox/firefox:16408): Gtk-WARNING **: Theme parsing error: gtk-widgets.css:2045:14: 'min-height' is not a valid property name

(/usr/lib/firefox/firefox:16408): Gtk-WARNING **: Theme parsing error: gtk-widgets.css:2046:13: 'min-width' is not a valid property name

(/usr/lib/firefox/firefox:16408): Gtk-WARNING **: Theme parsing error: gtk-widgets.css:2051:13: 'min-width' is not a valid property name
1521154151468	Marionette	INFO	Listening on port 46233
1521154151544	Marionette	WARN	TLS certificate errors will be ignored for this session
JavaScript error: http://0.0.0.0:8090/static/bootstrap/js/bootstrap.min.js, line 6: Error: Bootstrap's JavaScript requires jQuery
1522007878611	geckodriver	INFO	geckodriver 0.18.0
1522007878626	geckodriver	INFO	Listening on 127.0.0.1:58473
1522007879782	geckodriver::marionette	INFO	Starting browser /usr/bin/firefox with args ["-marionette"]

(firefox:14217): Gtk-WARNING **: Theme parsing error: gtk-widgets.css:2045:14: 'min-height' is not a valid property name

(firefox:14217): Gtk-WARNING **: Theme parsing error: gtk-widgets.css:2046:13: 'min-width' is not a valid property name

(firefox:14217): Gtk-WARNING **: Theme parsing error: gtk-widgets.css:2051:13: 'min-width' is not a valid property name
1522007912737	geckodriver	INFO	geckodriver 0.18.0
1522007912741	geckodriver	INFO	Listening on 127.0.0.1:48751
1522007913838	geckodriver::marionette	INFO	Starting browser /usr/bin/firefox with args ["-marionette"]

(firefox:14362): Gtk-WARNING **: Theme parsing error: gtk-widgets.css:2045:14: 'min-height' is not a valid property name

(firefox:14362): Gtk-WARNING **: Theme parsing error: gtk-widgets.css:2046:13: 'min-width' is not a valid property name

(firefox:14362): Gtk-WARNING **: Theme parsing error: gtk-widgets.css:2051:13: 'min-width' is not a valid property name
1522007916266	Marionette	INFO	Enabled via --marionette

(/usr/lib/firefox/firefox:14419): Gtk-WARNING **: Theme parsing error: gtk-widgets.css:2045:14: 'min-height' is not a valid property name

(/usr/lib/firefox/firefox:14419): Gtk-WARNING **: Theme parsing error: gtk-widgets.css:2046:13: 'min-width' is not a valid property name

(/usr/lib/firefox/firefox:14419): Gtk-WARNING **: Theme parsing error: gtk-widgets.css:2051:13: 'min-width' is not a valid property name

(/usr/lib/firefox/firefox:14457): Gtk-WARNING **: Theme parsing error: gtk-widgets.css:2045:14: 'min-height' is not a valid property name

(/usr/lib/firefox/firefox:14457): Gtk-WARNING **: Theme parsing error: gtk-widgets.css:2046:13: 'min-width' is not a valid property name

(/usr/lib/firefox/firefox:14457): Gtk-WARNING **: Theme parsing error: gtk-widgets.css:2051:13: 'min-width' is not a valid property name
1522007923992	Marionette	INFO	Listening on port 37757
1522007924744	Marionette	WARN	TLS certificate errors will be ignored for this session
JavaScript error: http://0.0.0.0:8090/static/bootstrap/js/bootstrap.min.js, line 6: Error: Bootstrap's JavaScript requires jQuery
[GFX1-]: Receive IPC close with reason=AbnormalShutdown
[GFX1-]: Receive IPC close with reason=AbnormalShutdown
[Child 14419, Chrome_ChildThread] WARNING: pipe error (3): Connection reset by peer: file /build/firefox-NJKMFd/firefox-59.0+build5/ipc/chromium/src/chrome/common/ipc_channel_posix.cc, line 353
[Child 14457, Chrome_ChildThread] WARNING: pipe error: Broken pipe: file /build/firefox-NJKMFd/firefox-59.0+build5/ipc/chromium/src/chrome/common/ipc_channel_posix.cc, line 709
1522007925559	geckodriver	INFO	geckodriver 0.18.0
1522007925562	geckodriver	INFO	Listening on 127.0.0.1:56541
1522007926649	geckodriver::marionette	INFO	Starting browser /usr/bin/firefox with args ["-marionette"]

(firefox:14523): Gtk-WARNING **: Theme parsing error: gtk-widgets.css:2045:14: 'min-height' is not a valid property name

(firefox:14523): Gtk-WARNING **: Theme parsing error: gtk-widgets.css:2046:13: 'min-width' is not a valid property name

(firefox:14523): Gtk-WARNING **: Theme parsing error: gtk-widgets.css:2051:13: 'min-width' is not a valid property name
1522007927530	Marionette	INFO	Enabled via --marionette

(/usr/lib/firefox/firefox:14577): Gtk-WARNING **: Theme parsing error: gtk-widgets.css:2045:14: 'min-height' is not a valid property name

(/usr/lib/firefox/firefox:14577): Gtk-WARNING **: Theme parsing error: gtk-widgets.css:2046:13: 'min-width' is not a valid property name

(/usr/lib/firefox/firefox:14577): Gtk-WARNING **: Theme parsing error: gtk-widgets.css:2051:13: 'min-width' is not a valid property name

(/usr/lib/firefox/firefox:14614): Gtk-WARNING **: Theme parsing error: gtk-widgets.css:2045:14: 'min-height' is not a valid property name

(/usr/lib/firefox/firefox:14614): Gtk-WARNING **: Theme parsing error: gtk-widgets.css:2046:13: 'min-width' is not a valid property name

(/usr/lib/firefox/firefox:14614): Gtk-WARNING **: Theme parsing error: gtk-widgets.css:2051:13: 'min-width' is not a valid property name
1522007930472	Marionette	INFO	Listening on port 46515
1522007931538	Marionette	WARN	TLS certificate errors will be ignored for this session
JavaScript error: http://0.0.0.0:8090/static/bootstrap/js/bootstrap.min.js, line 6: Error: Bootstrap's JavaScript requires jQuery
1522007932028	geckodriver	INFO	geckodriver 0.18.0
1522007932034	geckodriver	INFO	Listening on 127.0.0.1:44091
1522007933123	geckodriver::marionette	INFO	Starting browser /usr/bin/firefox with args ["-marionette"]

(firefox:14676): Gtk-WARNING **: Theme parsing error: gtk-widgets.css:2045:14: 'min-height' is not a valid property name

(firefox:14676): Gtk-WARNING **: Theme parsing error: gtk-widgets.css:2046:13: 'min-width' is not a valid property name

(firefox:14676): Gtk-WARNING **: Theme parsing error: gtk-widgets.css:2051:13: 'min-width' is not a valid property name
1522007933912	Marionette	INFO	Enabled via --marionette

(/usr/lib/firefox/firefox:14730): Gtk-WARNING **: Theme parsing error: gtk-widgets.css:2045:14: 'min-height' is not a valid property name

(/usr/lib/firefox/firefox:14730): Gtk-WARNING **: Theme parsing error: gtk-widgets.css:2046:13: 'min-width' is not a valid property name

(/usr/lib/firefox/firefox:14730): Gtk-WARNING **: Theme parsing error: gtk-widgets.css:2051:13: 'min-width' is not a valid property name

(/usr/lib/firefox/firefox:14767): Gtk-WARNING **: Theme parsing error: gtk-widgets.css:2045:14: 'min-height' is not a valid property name

(/usr/lib/firefox/firefox:14767): Gtk-WARNING **: Theme parsing error: gtk-widgets.css:2046:13: 'min-width' is not a valid property name

(/usr/lib/firefox/firefox:14767): Gtk-WARNING **: Theme parsing error: gtk-widgets.css:2051:13: 'min-width' is not a valid property name
1522007936858	Marionette	INFO	Listening on port 39797
1522007936936	Marionette	WARN	TLS certificate errors will be ignored for this session
JavaScript error: http://0.0.0.0:8090/static/bootstrap/js/bootstrap.min.js, line 6: Error: Bootstrap's JavaScript requires jQuery
1522008044194	geckodriver	INFO	geckodriver 0.18.0
1522008044198	geckodriver	INFO	Listening on 127.0.0.1:35835
1522008044290	geckodriver::marionette	INFO	Starting browser /usr/bin/firefox with args ["-marionette"]

(firefox:14972): Gtk-WARNING **: Theme parsing error: gtk-widgets.css:2045:14: 'min-height' is not a valid property name

(firefox:14972): Gtk-WARNING **: Theme parsing error: gtk-widgets.css:2046:13: 'min-width' is not a valid property name

(firefox:14972): Gtk-WARNING **: Theme parsing error: gtk-widgets.css:2051:13: 'min-width' is not a valid property name
1522008045056	Marionette	INFO	Enabled via --marionette

(/usr/lib/firefox/firefox:15028): Gtk-WARNING **: Theme parsing error: gtk-widgets.css:2045:14: 'min-height' is not a valid property name

(/usr/lib/firefox/firefox:15028): Gtk-WARNING **: Theme parsing error: gtk-widgets.css:2046:13: 'min-width' is not a valid property name

(/usr/lib/firefox/firefox:15028): Gtk-WARNING **: Theme parsing error: gtk-widgets.css:2051:13: 'min-width' is not a valid property name

(/usr/lib/firefox/firefox:15066): Gtk-WARNING **: Theme parsing error: gtk-widgets.css:2045:14: 'min-height' is not a valid property name

(/usr/lib/firefox/firefox:15066): Gtk-WARNING **: Theme parsing error: gtk-widgets.css:2046:13: 'min-width' is not a valid property name

(/usr/lib/firefox/firefox:15066): Gtk-WARNING **: Theme parsing error: gtk-widgets.css:2051:13: 'min-width' is not a valid property name
1522008048024	Marionette	INFO	Listening on port 45447
1522008049062	Marionette	WARN	TLS certificate errors will be ignored for this session
JavaScript error: http://0.0.0.0:8090/static/bootstrap/js/bootstrap.min.js, line 6: Error: Bootstrap's JavaScript requires jQuery
1522008049389	geckodriver	INFO	geckodriver 0.18.0
1522008049400	geckodriver	INFO	Listening on 127.0.0.1:59861
1522008049629	geckodriver::marionette	INFO	Starting browser /usr/bin/firefox with args ["-marionette"]

(firefox:15127): Gtk-WARNING **: Theme parsing error: gtk-widgets.css:2045:14: 'min-height' is not a valid property name

(firefox:15127): Gtk-WARNING **: Theme parsing error: gtk-widgets.css:2046:13: 'min-width' is not a valid property name

(firefox:15127): Gtk-WARNING **: Theme parsing error: gtk-widgets.css:2051:13: 'min-width' is not a valid property name
1522008050502	Marionette	INFO	Enabled via --marionette

(/usr/lib/firefox/firefox:15182): Gtk-WARNING **: Theme parsing error: gtk-widgets.css:2045:14: 'min-height' is not a valid property name

(/usr/lib/firefox/firefox:15182): Gtk-WARNING **: Theme parsing error: gtk-widgets.css:2046:13: 'min-width' is not a valid property name

(/usr/lib/firefox/firefox:15182): Gtk-WARNING **: Theme parsing error: gtk-widgets.css:2051:13: 'min-width' is not a valid property name
JavaScript error: resource://onboarding/onboarding.js, line 18: NS_ERROR_UNEXPECTED: Component returned failure code: 0x8000ffff (NS_ERROR_UNEXPECTED) [nsIStringBundle.GetStringFromName]

(/usr/lib/firefox/firefox:15219): Gtk-WARNING **: Theme parsing error: gtk-widgets.css:2045:14: 'min-height' is not a valid property name

(/usr/lib/firefox/firefox:15219): Gtk-WARNING **: Theme parsing error: gtk-widgets.css:2046:13: 'min-width' is not a valid property name

(/usr/lib/firefox/firefox:15219): Gtk-WARNING **: Theme parsing error: gtk-widgets.css:2051:13: 'min-width' is not a valid property name
1522008053434	Marionette	INFO	Listening on port 37289
1522008053450	Marionette	WARN	TLS certificate errors will be ignored for this session
JavaScript error: http://0.0.0.0:8090/static/bootstrap/js/bootstrap.min.js, line 6: Error: Bootstrap's JavaScript requires jQuery
[Child 15182, Chrome_ChildThread] WARNING: pipe error (23): Connection reset by peer: file /build/firefox-NJKMFd/firefox-59.0+build5/ipc/chromium/src/chrome/common/ipc_channel_posix.cc, line 353
1522008054751	geckodriver	INFO	geckodriver 0.18.0
1522008054753	geckodriver	INFO	Listening on 127.0.0.1:36815
1522008055859	geckodriver::marionette	INFO	Starting browser /usr/bin/firefox with args ["-marionette"]

(firefox:15278): Gtk-WARNING **: Theme parsing error: gtk-widgets.css:2045:14: 'min-height' is not a valid property name

(firefox:15278): Gtk-WARNING **: Theme parsing error: gtk-widgets.css:2046:13: 'min-width' is not a valid property name

(firefox:15278): Gtk-WARNING **: Theme parsing error: gtk-widgets.css:2051:13: 'min-width' is not a valid property name
1522008056690	Marionette	INFO	Enabled via --marionette

(/usr/lib/firefox/firefox:15333): Gtk-WARNING **: Theme parsing error: gtk-widgets.css:2045:14: 'min-height' is not a valid property name

(/usr/lib/firefox/firefox:15333): Gtk-WARNING **: Theme parsing error: gtk-widgets.css:2046:13: 'min-width' is not a valid property name

(/usr/lib/firefox/firefox:15333): Gtk-WARNING **: Theme parsing error: gtk-widgets.css:2051:13: 'min-width' is not a valid property name

(/usr/lib/firefox/firefox:15381): Gtk-WARNING **: Theme parsing error: gtk-widgets.css:2045:14: 'min-height' is not a valid property name

(/usr/lib/firefox/firefox:15381): Gtk-WARNING **: Theme parsing error: gtk-widgets.css:2046:13: 'min-width' is not a valid property name

(/usr/lib/firefox/firefox:15381): Gtk-WARNING **: Theme parsing error: gtk-widgets.css:2051:13: 'min-width' is not a valid property name
1522008059556	Marionette	INFO	Listening on port 44981
1522008059576	Marionette	WARN	TLS certificate errors will be ignored for this session
JavaScript error: http://0.0.0.0:8090/static/bootstrap/js/bootstrap.min.js, line 6: Error: Bootstrap's JavaScript requires jQuery
[GFX1-]: Receive IPC close with reason=AbnormalShutdown
1522008313279	geckodriver	INFO	geckodriver 0.18.0
1522008313282	geckodriver	INFO	Listening on 127.0.0.1:38353
1522008314373	geckodriver::marionette	INFO	Starting browser /usr/bin/firefox with args ["-marionette"]

(firefox:15669): Gtk-WARNING **: Theme parsing error: gtk-widgets.css:2045:14: 'min-height' is not a valid property name

(firefox:15669): Gtk-WARNING **: Theme parsing error: gtk-widgets.css:2046:13: 'min-width' is not a valid property name

(firefox:15669): Gtk-WARNING **: Theme parsing error: gtk-widgets.css:2051:13: 'min-width' is not a valid property name
1522008315146	Marionette	INFO	Enabled via --marionette

(/usr/lib/firefox/firefox:15723): Gtk-WARNING **: Theme parsing error: gtk-widgets.css:2045:14: 'min-height' is not a valid property name

(/usr/lib/firefox/firefox:15723): Gtk-WARNING **: Theme parsing error: gtk-widgets.css:2046:13: 'min-width' is not a valid property name

(/usr/lib/firefox/firefox:15723): Gtk-WARNING **: Theme parsing error: gtk-widgets.css:2051:13: 'min-width' is not a valid property name

(/usr/lib/firefox/firefox:15762): Gtk-WARNING **: Theme parsing error: gtk-widgets.css:2045:14: 'min-height' is not a valid property name

(/usr/lib/firefox/firefox:15762): Gtk-WARNING **: Theme parsing error: gtk-widgets.css:2046:13: 'min-width' is not a valid property name

(/usr/lib/firefox/firefox:15762): Gtk-WARNING **: Theme parsing error: gtk-widgets.css:2051:13: 'min-width' is not a valid property name
1522008318118	Marionette	INFO	Listening on port 41351
1522008318186	Marionette	WARN	TLS certificate errors will be ignored for this session
JavaScript error: http://0.0.0.0:8090/static/bootstrap/js/bootstrap.min.js, line 6: Error: Bootstrap's JavaScript requires jQuery
1522008318596	geckodriver	INFO	geckodriver 0.18.0
1522008318610	geckodriver	INFO	Listening on 127.0.0.1:51835
1522008319686	geckodriver::marionette	INFO	Starting browser /usr/bin/firefox with args ["-marionette"]

(firefox:15818): Gtk-WARNING **: Theme parsing error: gtk-widgets.css:2045:14: 'min-height' is not a valid property name

(firefox:15818): Gtk-WARNING **: Theme parsing error: gtk-widgets.css:2046:13: 'min-width' is not a valid property name

(firefox:15818): Gtk-WARNING **: Theme parsing error: gtk-widgets.css:2051:13: 'min-width' is not a valid property name
1522008320376	Marionette	INFO	Enabled via --marionette

(/usr/lib/firefox/firefox:15872): Gtk-WARNING **: Theme parsing error: gtk-widgets.css:2045:14: 'min-height' is not a valid property name

(/usr/lib/firefox/firefox:15872): Gtk-WARNING **: Theme parsing error: gtk-widgets.css:2046:13: 'min-width' is not a valid property name

(/usr/lib/firefox/firefox:15872): Gtk-WARNING **: Theme parsing error: gtk-widgets.css:2051:13: 'min-width' is not a valid property name

(/usr/lib/firefox/firefox:15909): Gtk-WARNING **: Theme parsing error: gtk-widgets.css:2045:14: 'min-height' is not a valid property name

(/usr/lib/firefox/firefox:15909): Gtk-WARNING **: Theme parsing error: gtk-widgets.css:2046:13: 'min-width' is not a valid property name

(/usr/lib/firefox/firefox:15909): Gtk-WARNING **: Theme parsing error: gtk-widgets.css:2051:13: 'min-width' is not a valid property name
1522008323296	Marionette	INFO	Listening on port 35013
1522008324354	Marionette	WARN	TLS certificate errors will be ignored for this session
JavaScript error: http://0.0.0.0:8090/static/bootstrap/js/bootstrap.min.js, line 6: Error: Bootstrap's JavaScript requires jQuery
1522008324664	geckodriver	INFO	geckodriver 0.18.0
1522008324672	geckodriver	INFO	Listening on 127.0.0.1:49081
1522008324916	geckodriver::marionette	INFO	Starting browser /usr/bin/firefox with args ["-marionette"]

(firefox:15971): Gtk-WARNING **: Theme parsing error: gtk-widgets.css:2045:14: 'min-height' is not a valid property name

(firefox:15971): Gtk-WARNING **: Theme parsing error: gtk-widgets.css:2046:13: 'min-width' is not a valid property name

(firefox:15971): Gtk-WARNING **: Theme parsing error: gtk-widgets.css:2051:13: 'min-width' is not a valid property name
1522008325662	Marionette	INFO	Enabled via --marionette

(/usr/lib/firefox/firefox:16025): Gtk-WARNING **: Theme parsing error: gtk-widgets.css:2045:14: 'min-height' is not a valid property name

(/usr/lib/firefox/firefox:16025): Gtk-WARNING **: Theme parsing error: gtk-widgets.css:2046:13: 'min-width' is not a valid property name

(/usr/lib/firefox/firefox:16025): Gtk-WARNING **: Theme parsing error: gtk-widgets.css:2051:13: 'min-width' is not a valid property name

(/usr/lib/firefox/firefox:16062): Gtk-WARNING **: Theme parsing error: gtk-widgets.css:2045:14: 'min-height' is not a valid property name

(/usr/lib/firefox/firefox:16062): Gtk-WARNING **: Theme parsing error: gtk-widgets.css:2046:13: 'min-width' is not a valid property name

(/usr/lib/firefox/firefox:16062): Gtk-WARNING **: Theme parsing error: gtk-widgets.css:2051:13: 'min-width' is not a valid property name
1522008328446	Marionette	INFO	Listening on port 44203
1522008329512	Marionette	WARN	TLS certificate errors will be ignored for this session
JavaScript error: http://0.0.0.0:8090/static/bootstrap/js/bootstrap.min.js, line 6: Error: Bootstrap's JavaScript requires jQuery
1522008357406	geckodriver	INFO	geckodriver 0.18.0
1522008357410	geckodriver	INFO	Listening on 127.0.0.1:53253
1522008358500	geckodriver::marionette	INFO	Starting browser /usr/bin/firefox with args ["-marionette"]

(firefox:16144): Gtk-WARNING **: Theme parsing error: gtk-widgets.css:2045:14: 'min-height' is not a valid property name

(firefox:16144): Gtk-WARNING **: Theme parsing error: gtk-widgets.css:2046:13: 'min-width' is not a valid property name

(firefox:16144): Gtk-WARNING **: Theme parsing error: gtk-widgets.css:2051:13: 'min-width' is not a valid property name
1522008359230	Marionette	INFO	Enabled via --marionette

(/usr/lib/firefox/firefox:16198): Gtk-WARNING **: Theme parsing error: gtk-widgets.css:2045:14: 'min-height' is not a valid property name

(/usr/lib/firefox/firefox:16198): Gtk-WARNING **: Theme parsing error: gtk-widgets.css:2046:13: 'min-width' is not a valid property name

(/usr/lib/firefox/firefox:16198): Gtk-WARNING **: Theme parsing error: gtk-widgets.css:2051:13: 'min-width' is not a valid property name

(/usr/lib/firefox/firefox:16236): Gtk-WARNING **: Theme parsing error: gtk-widgets.css:2045:14: 'min-height' is not a valid property name

(/usr/lib/firefox/firefox:16236): Gtk-WARNING **: Theme parsing error: gtk-widgets.css:2046:13: 'min-width' is not a valid property name

(/usr/lib/firefox/firefox:16236): Gtk-WARNING **: Theme parsing error: gtk-widgets.css:2051:13: 'min-width' is not a valid property name
1522008362020	Marionette	INFO	Listening on port 43297
1522008363088	Marionette	WARN	TLS certificate errors will be ignored for this session
JavaScript error: http://0.0.0.0:8090/static/bootstrap/js/bootstrap.min.js, line 6: Error: Bootstrap's JavaScript requires jQuery
Sandbox: Unexpected EOF, op 0 flags 0302 path /dev/shm/org.chromium.G70tJF
1522008363490	geckodriver	INFO	geckodriver 0.18.0
1522008363495	geckodriver	INFO	Listening on 127.0.0.1:40881
1522008364581	geckodriver::marionette	INFO	Starting browser /usr/bin/firefox with args ["-marionette"]

(firefox:16301): Gtk-WARNING **: Theme parsing error: gtk-widgets.css:2045:14: 'min-height' is not a valid property name

(firefox:16301): Gtk-WARNING **: Theme parsing error: gtk-widgets.css:2046:13: 'min-width' is not a valid property name

(firefox:16301): Gtk-WARNING **: Theme parsing error: gtk-widgets.css:2051:13: 'min-width' is not a valid property name
1522008365306	Marionette	INFO	Enabled via --marionette

(/usr/lib/firefox/firefox:16355): Gtk-WARNING **: Theme parsing error: gtk-widgets.css:2045:14: 'min-height' is not a valid property name

(/usr/lib/firefox/firefox:16355): Gtk-WARNING **: Theme parsing error: gtk-widgets.css:2046:13: 'min-width' is not a valid property name

(/usr/lib/firefox/firefox:16355): Gtk-WARNING **: Theme parsing error: gtk-widgets.css:2051:13: 'min-width' is not a valid property name

(/usr/lib/firefox/firefox:16392): Gtk-WARNING **: Theme parsing error: gtk-widgets.css:2045:14: 'min-height' is not a valid property name

(/usr/lib/firefox/firefox:16392): Gtk-WARNING **: Theme parsing error: gtk-widgets.css:2046:13: 'min-width' is not a valid property name

(/usr/lib/firefox/firefox:16392): Gtk-WARNING **: Theme parsing error: gtk-widgets.css:2051:13: 'min-width' is not a valid property name
1522008368166	Marionette	INFO	Listening on port 45519
1522008368204	Marionette	WARN	TLS certificate errors will be ignored for this session
JavaScript error: http://0.0.0.0:8090/static/bootstrap/js/bootstrap.min.js, line 6: Error: Bootstrap's JavaScript requires jQuery
1522008369608	geckodriver	INFO	geckodriver 0.18.0
1522008369618	geckodriver	INFO	Listening on 127.0.0.1:52877
1522008370697	geckodriver::marionette	INFO	Starting browser /usr/bin/firefox with args ["-marionette"]

(firefox:16453): Gtk-WARNING **: Theme parsing error: gtk-widgets.css:2045:14: 'min-height' is not a valid property name

(firefox:16453): Gtk-WARNING **: Theme parsing error: gtk-widgets.css:2046:13: 'min-width' is not a valid property name

(firefox:16453): Gtk-WARNING **: Theme parsing error: gtk-widgets.css:2051:13: 'min-width' is not a valid property name
1522008371460	Marionette	INFO	Enabled via --marionette

(/usr/lib/firefox/firefox:16508): Gtk-WARNING **: Theme parsing error: gtk-widgets.css:2045:14: 'min-height' is not a valid property name

(/usr/lib/firefox/firefox:16508): Gtk-WARNING **: Theme parsing error: gtk-widgets.css:2046:13: 'min-width' is not a valid property name

(/usr/lib/firefox/firefox:16508): Gtk-WARNING **: Theme parsing error: gtk-widgets.css:2051:13: 'min-width' is not a valid property name

(/usr/lib/firefox/firefox:16545): Gtk-WARNING **: Theme parsing error: gtk-widgets.css:2045:14: 'min-height' is not a valid property name

(/usr/lib/firefox/firefox:16545): Gtk-WARNING **: Theme parsing error: gtk-widgets.css:2046:13: 'min-width' is not a valid property name

(/usr/lib/firefox/firefox:16545): Gtk-WARNING **: Theme parsing error: gtk-widgets.css:2051:13: 'min-width' is not a valid property name
1522008374296	Marionette	INFO	Listening on port 41371
1522008374312	Marionette	WARN	TLS certificate errors will be ignored for this session
JavaScript error: http://0.0.0.0:8090/static/bootstrap/js/bootstrap.min.js, line 6: Error: Bootstrap's JavaScript requires jQuery
1522008416452	geckodriver	INFO	geckodriver 0.18.0
1522008416457	geckodriver	INFO	Listening on 127.0.0.1:42587
1522008416551	geckodriver::marionette	INFO	Starting browser /usr/bin/firefox with args ["-marionette"]

(firefox:16629): Gtk-WARNING **: Theme parsing error: gtk-widgets.css:2045:14: 'min-height' is not a valid property name

(firefox:16629): Gtk-WARNING **: Theme parsing error: gtk-widgets.css:2046:13: 'min-width' is not a valid property name

(firefox:16629): Gtk-WARNING **: Theme parsing error: gtk-widgets.css:2051:13: 'min-width' is not a valid property name
1522008417268	Marionette	INFO	Enabled via --marionette

(/usr/lib/firefox/firefox:16683): Gtk-WARNING **: Theme parsing error: gtk-widgets.css:2045:14: 'min-height' is not a valid property name

(/usr/lib/firefox/firefox:16683): Gtk-WARNING **: Theme parsing error: gtk-widgets.css:2046:13: 'min-width' is not a valid property name

(/usr/lib/firefox/firefox:16683): Gtk-WARNING **: Theme parsing error: gtk-widgets.css:2051:13: 'min-width' is not a valid property name

(/usr/lib/firefox/firefox:16745): Gtk-WARNING **: Theme parsing error: gtk-widgets.css:2045:14: 'min-height' is not a valid property name

(/usr/lib/firefox/firefox:16745): Gtk-WARNING **: Theme parsing error: gtk-widgets.css:2046:13: 'min-width' is not a valid property name

(/usr/lib/firefox/firefox:16745): Gtk-WARNING **: Theme parsing error: gtk-widgets.css:2051:13: 'min-width' is not a valid property name
1522008420286	Marionette	INFO	Listening on port 43203
1522008421346	Marionette	WARN	TLS certificate errors will be ignored for this session
JavaScript error: http://0.0.0.0:8090/static/bootstrap/js/bootstrap.min.js, line 6: Error: Bootstrap's JavaScript requires jQuery
1522008421763	geckodriver	INFO	geckodriver 0.18.0
1522008421776	geckodriver	INFO	Listening on 127.0.0.1:53645
1522008422847	geckodriver::marionette	INFO	Starting browser /usr/bin/firefox with args ["-marionette"]

(firefox:16808): Gtk-WARNING **: Theme parsing error: gtk-widgets.css:2045:14: 'min-height' is not a valid property name

(firefox:16808): Gtk-WARNING **: Theme parsing error: gtk-widgets.css:2046:13: 'min-width' is not a valid property name

(firefox:16808): Gtk-WARNING **: Theme parsing error: gtk-widgets.css:2051:13: 'min-width' is not a valid property name
1522008423554	Marionette	INFO	Enabled via --marionette

(/usr/lib/firefox/firefox:16862): Gtk-WARNING **: Theme parsing error: gtk-widgets.css:2045:14: 'min-height' is not a valid property name

(/usr/lib/firefox/firefox:16862): Gtk-WARNING **: Theme parsing error: gtk-widgets.css:2046:13: 'min-width' is not a valid property name

(/usr/lib/firefox/firefox:16862): Gtk-WARNING **: Theme parsing error: gtk-widgets.css:2051:13: 'min-width' is not a valid property name

(/usr/lib/firefox/firefox:16899): Gtk-WARNING **: Theme parsing error: gtk-widgets.css:2045:14: 'min-height' is not a valid property name

(/usr/lib/firefox/firefox:16899): Gtk-WARNING **: Theme parsing error: gtk-widgets.css:2046:13: 'min-width' is not a valid property name

(/usr/lib/firefox/firefox:16899): Gtk-WARNING **: Theme parsing error: gtk-widgets.css:2051:13: 'min-width' is not a valid property name
1522008426426	Marionette	INFO	Listening on port 45215
1522008426462	Marionette	WARN	TLS certificate errors will be ignored for this session
JavaScript error: http://0.0.0.0:8090/static/bootstrap/js/bootstrap.min.js, line 6: Error: Bootstrap's JavaScript requires jQuery
1522008427724	geckodriver	INFO	geckodriver 0.18.0
1522008427729	geckodriver	INFO	Listening on 127.0.0.1:49031
1522008428815	geckodriver::marionette	INFO	Starting browser /usr/bin/firefox with args ["-marionette"]

(firefox:16961): Gtk-WARNING **: Theme parsing error: gtk-widgets.css:2045:14: 'min-height' is not a valid property name

(firefox:16961): Gtk-WARNING **: Theme parsing error: gtk-widgets.css:2046:13: 'min-width' is not a valid property name

(firefox:16961): Gtk-WARNING **: Theme parsing error: gtk-widgets.css:2051:13: 'min-width' is not a valid property name
1522008429540	Marionette	INFO	Enabled via --marionette

(/usr/lib/firefox/firefox:17015): Gtk-WARNING **: Theme parsing error: gtk-widgets.css:2045:14: 'min-height' is not a valid property name

(/usr/lib/firefox/firefox:17015): Gtk-WARNING **: Theme parsing error: gtk-widgets.css:2046:13: 'min-width' is not a valid property name

(/usr/lib/firefox/firefox:17015): Gtk-WARNING **: Theme parsing error: gtk-widgets.css:2051:13: 'min-width' is not a valid property name

(/usr/lib/firefox/firefox:17052): Gtk-WARNING **: Theme parsing error: gtk-widgets.css:2045:14: 'min-height' is not a valid property name

(/usr/lib/firefox/firefox:17052): Gtk-WARNING **: Theme parsing error: gtk-widgets.css:2046:13: 'min-width' is not a valid property name

(/usr/lib/firefox/firefox:17052): Gtk-WARNING **: Theme parsing error: gtk-widgets.css:2051:13: 'min-width' is not a valid property name
1522008432600	Marionette	INFO	Listening on port 40059
1522008432636	Marionette	WARN	TLS certificate errors will be ignored for this session
JavaScript error: http://0.0.0.0:8090/static/bootstrap/js/bootstrap.min.js, line 6: Error: Bootstrap's JavaScript requires jQuery
1522008640267	geckodriver	INFO	geckodriver 0.18.0
1522008640271	geckodriver	INFO	Listening on 127.0.0.1:46329
1522008641394	geckodriver::marionette	INFO	Starting browser /usr/bin/firefox with args ["-marionette"]

(firefox:17322): Gtk-WARNING **: Theme parsing error: gtk-widgets.css:2045:14: 'min-height' is not a valid property name

(firefox:17322): Gtk-WARNING **: Theme parsing error: gtk-widgets.css:2046:13: 'min-width' is not a valid property name

(firefox:17322): Gtk-WARNING **: Theme parsing error: gtk-widgets.css:2051:13: 'min-width' is not a valid property name
1522008642156	Marionette	INFO	Enabled via --marionette

(/usr/lib/firefox/firefox:17376): Gtk-WARNING **: Theme parsing error: gtk-widgets.css:2045:14: 'min-height' is not a valid property name

(/usr/lib/firefox/firefox:17376): Gtk-WARNING **: Theme parsing error: gtk-widgets.css:2046:13: 'min-width' is not a valid property name

(/usr/lib/firefox/firefox:17376): Gtk-WARNING **: Theme parsing error: gtk-widgets.css:2051:13: 'min-width' is not a valid property name

(/usr/lib/firefox/firefox:17414): Gtk-WARNING **: Theme parsing error: gtk-widgets.css:2045:14: 'min-height' is not a valid property name

(/usr/lib/firefox/firefox:17414): Gtk-WARNING **: Theme parsing error: gtk-widgets.css:2046:13: 'min-width' is not a valid property name

(/usr/lib/firefox/firefox:17414): Gtk-WARNING **: Theme parsing error: gtk-widgets.css:2051:13: 'min-width' is not a valid property name
1522008645436	Marionette	INFO	Listening on port 45313
1522008645508	Marionette	WARN	TLS certificate errors will be ignored for this session
JavaScript error: http://0.0.0.0:8090/static/bootstrap/js/bootstrap.min.js, line 6: Error: Bootstrap's JavaScript requires jQuery
1522008646737	geckodriver	INFO	geckodriver 0.18.0
1522008646743	geckodriver	INFO	Listening on 127.0.0.1:41949
1522008647827	geckodriver::marionette	INFO	Starting browser /usr/bin/firefox with args ["-marionette"]

(firefox:17476): Gtk-WARNING **: Theme parsing error: gtk-widgets.css:2045:14: 'min-height' is not a valid property name

(firefox:17476): Gtk-WARNING **: Theme parsing error: gtk-widgets.css:2046:13: 'min-width' is not a valid property name

(firefox:17476): Gtk-WARNING **: Theme parsing error: gtk-widgets.css:2051:13: 'min-width' is not a valid property name
1522008648574	Marionette	INFO	Enabled via --marionette

(/usr/lib/firefox/firefox:17530): Gtk-WARNING **: Theme parsing error: gtk-widgets.css:2045:14: 'min-height' is not a valid property name

(/usr/lib/firefox/firefox:17530): Gtk-WARNING **: Theme parsing error: gtk-widgets.css:2046:13: 'min-width' is not a valid property name

(/usr/lib/firefox/firefox:17530): Gtk-WARNING **: Theme parsing error: gtk-widgets.css:2051:13: 'min-width' is not a valid property name

(/usr/lib/firefox/firefox:17567): Gtk-WARNING **: Theme parsing error: gtk-widgets.css:2045:14: 'min-height' is not a valid property name

(/usr/lib/firefox/firefox:17567): Gtk-WARNING **: Theme parsing error: gtk-widgets.css:2046:13: 'min-width' is not a valid property name

(/usr/lib/firefox/firefox:17567): Gtk-WARNING **: Theme parsing error: gtk-widgets.css:2051:13: 'min-width' is not a valid property name
1522008651534	Marionette	INFO	Listening on port 34069
1522008651552	Marionette	WARN	TLS certificate errors will be ignored for this session
JavaScript error: http://0.0.0.0:8090/static/bootstrap/js/bootstrap.min.js, line 6: Error: Bootstrap's JavaScript requires jQuery
[Child 17530, Chrome_ChildThread] WARNING: pipe error (3): Connection reset by peer: file /build/firefox-NJKMFd/firefox-59.0+build5/ipc/chromium/src/chrome/common/ipc_channel_posix.cc, line 353
1522008652891	geckodriver	INFO	geckodriver 0.18.0
1522008652905	geckodriver	INFO	Listening on 127.0.0.1:60911
1522008653982	geckodriver::marionette	INFO	Starting browser /usr/bin/firefox with args ["-marionette"]

(firefox:17626): Gtk-WARNING **: Theme parsing error: gtk-widgets.css:2045:14: 'min-height' is not a valid property name

(firefox:17626): Gtk-WARNING **: Theme parsing error: gtk-widgets.css:2046:13: 'min-width' is not a valid property name

(firefox:17626): Gtk-WARNING **: Theme parsing error: gtk-widgets.css:2051:13: 'min-width' is not a valid property name
1522008654722	Marionette	INFO	Enabled via --marionette

(/usr/lib/firefox/firefox:17680): Gtk-WARNING **: Theme parsing error: gtk-widgets.css:2045:14: 'min-height' is not a valid property name

(/usr/lib/firefox/firefox:17680): Gtk-WARNING **: Theme parsing error: gtk-widgets.css:2046:13: 'min-width' is not a valid property name

(/usr/lib/firefox/firefox:17680): Gtk-WARNING **: Theme parsing error: gtk-widgets.css:2051:13: 'min-width' is not a valid property name

(/usr/lib/firefox/firefox:17717): Gtk-WARNING **: Theme parsing error: gtk-widgets.css:2045:14: 'min-height' is not a valid property name

(/usr/lib/firefox/firefox:17717): Gtk-WARNING **: Theme parsing error: gtk-widgets.css:2046:13: 'min-width' is not a valid property name

(/usr/lib/firefox/firefox:17717): Gtk-WARNING **: Theme parsing error: gtk-widgets.css:2051:13: 'min-width' is not a valid property name
1522008657670	Marionette	INFO	Listening on port 42579
1522008657706	Marionette	WARN	TLS certificate errors will be ignored for this session
JavaScript error: http://0.0.0.0:8090/static/bootstrap/js/bootstrap.min.js, line 6: Error: Bootstrap's JavaScript requires jQuery
1522008735515	geckodriver	INFO	geckodriver 0.18.0
1522008735519	geckodriver	INFO	Listening on 127.0.0.1:59993
1522008735613	geckodriver::marionette	INFO	Starting browser /usr/bin/firefox with args ["-marionette"]

(firefox:17866): Gtk-WARNING **: Theme parsing error: gtk-widgets.css:2045:14: 'min-height' is not a valid property name

(firefox:17866): Gtk-WARNING **: Theme parsing error: gtk-widgets.css:2046:13: 'min-width' is not a valid property name

(firefox:17866): Gtk-WARNING **: Theme parsing error: gtk-widgets.css:2051:13: 'min-width' is not a valid property name
1522008736330	Marionette	INFO	Enabled via --marionette

(/usr/lib/firefox/firefox:17920): Gtk-WARNING **: Theme parsing error: gtk-widgets.css:2045:14: 'min-height' is not a valid property name

(/usr/lib/firefox/firefox:17920): Gtk-WARNING **: Theme parsing error: gtk-widgets.css:2046:13: 'min-width' is not a valid property name

(/usr/lib/firefox/firefox:17920): Gtk-WARNING **: Theme parsing error: gtk-widgets.css:2051:13: 'min-width' is not a valid property name

(/usr/lib/firefox/firefox:17958): Gtk-WARNING **: Theme parsing error: gtk-widgets.css:2045:14: 'min-height' is not a valid property name

(/usr/lib/firefox/firefox:17958): Gtk-WARNING **: Theme parsing error: gtk-widgets.css:2046:13: 'min-width' is not a valid property name

(/usr/lib/firefox/firefox:17958): Gtk-WARNING **: Theme parsing error: gtk-widgets.css:2051:13: 'min-width' is not a valid property name
1522008739336	Marionette	INFO	Listening on port 44261
1522008740424	Marionette	WARN	TLS certificate errors will be ignored for this session
JavaScript error: http://0.0.0.0:8090/static/bootstrap/js/bootstrap.min.js, line 6: Error: Bootstrap's JavaScript requires jQuery
1522008740828	geckodriver	INFO	geckodriver 0.18.0
1522008740833	geckodriver	INFO	Listening on 127.0.0.1:34493
1522008741917	geckodriver::marionette	INFO	Starting browser /usr/bin/firefox with args ["-marionette"]

(firefox:18017): Gtk-WARNING **: Theme parsing error: gtk-widgets.css:2045:14: 'min-height' is not a valid property name

(firefox:18017): Gtk-WARNING **: Theme parsing error: gtk-widgets.css:2046:13: 'min-width' is not a valid property name

(firefox:18017): Gtk-WARNING **: Theme parsing error: gtk-widgets.css:2051:13: 'min-width' is not a valid property name
1522008742696	Marionette	INFO	Enabled via --marionette

(/usr/lib/firefox/firefox:18071): Gtk-WARNING **: Theme parsing error: gtk-widgets.css:2045:14: 'min-height' is not a valid property name

(/usr/lib/firefox/firefox:18071): Gtk-WARNING **: Theme parsing error: gtk-widgets.css:2046:13: 'min-width' is not a valid property name

(/usr/lib/firefox/firefox:18071): Gtk-WARNING **: Theme parsing error: gtk-widgets.css:2051:13: 'min-width' is not a valid property name

(/usr/lib/firefox/firefox:18109): Gtk-WARNING **: Theme parsing error: gtk-widgets.css:2045:14: 'min-height' is not a valid property name

(/usr/lib/firefox/firefox:18109): Gtk-WARNING **: Theme parsing error: gtk-widgets.css:2046:13: 'min-width' is not a valid property name

(/usr/lib/firefox/firefox:18109): Gtk-WARNING **: Theme parsing error: gtk-widgets.css:2051:13: 'min-width' is not a valid property name
1522008745882	Marionette	INFO	Listening on port 45285
1522008745932	Marionette	WARN	TLS certificate errors will be ignored for this session
JavaScript error: http://0.0.0.0:8090/static/bootstrap/js/bootstrap.min.js, line 6: Error: Bootstrap's JavaScript requires jQuery
1522008747354	geckodriver	INFO	geckodriver 0.18.0
1522008747359	geckodriver	INFO	Listening on 127.0.0.1:37103
1522008748452	geckodriver::marionette	INFO	Starting browser /usr/bin/firefox with args ["-marionette"]

(firefox:18172): Gtk-WARNING **: Theme parsing error: gtk-widgets.css:2045:14: 'min-height' is not a valid property name

(firefox:18172): Gtk-WARNING **: Theme parsing error: gtk-widgets.css:2046:13: 'min-width' is not a valid property name

(firefox:18172): Gtk-WARNING **: Theme parsing error: gtk-widgets.css:2051:13: 'min-width' is not a valid property name
1522008749172	Marionette	INFO	Enabled via --marionette

(/usr/lib/firefox/firefox:18226): Gtk-WARNING **: Theme parsing error: gtk-widgets.css:2045:14: 'min-height' is not a valid property name

(/usr/lib/firefox/firefox:18226): Gtk-WARNING **: Theme parsing error: gtk-widgets.css:2046:13: 'min-width' is not a valid property name

(/usr/lib/firefox/firefox:18226): Gtk-WARNING **: Theme parsing error: gtk-widgets.css:2051:13: 'min-width' is not a valid property name

(/usr/lib/firefox/firefox:18263): Gtk-WARNING **: Theme parsing error: gtk-widgets.css:2045:14: 'min-height' is not a valid property name

(/usr/lib/firefox/firefox:18263): Gtk-WARNING **: Theme parsing error: gtk-widgets.css:2046:13: 'min-width' is not a valid property name

(/usr/lib/firefox/firefox:18263): Gtk-WARNING **: Theme parsing error: gtk-widgets.css:2051:13: 'min-width' is not a valid property name
1522008752130	Marionette	INFO	Listening on port 46221
1522008752178	Marionette	WARN	TLS certificate errors will be ignored for this session
JavaScript error: http://0.0.0.0:8090/static/bootstrap/js/bootstrap.min.js, line 6: Error: Bootstrap's JavaScript requires jQuery
1522008928703	geckodriver	INFO	geckodriver 0.18.0
1522008928706	geckodriver	INFO	Listening on 127.0.0.1:33217
1522008928804	geckodriver::marionette	INFO	Starting browser /usr/bin/firefox with args ["-marionette"]

(firefox:18564): Gtk-WARNING **: Theme parsing error: gtk-widgets.css:2045:14: 'min-height' is not a valid property name

(firefox:18564): Gtk-WARNING **: Theme parsing error: gtk-widgets.css:2046:13: 'min-width' is not a valid property name

(firefox:18564): Gtk-WARNING **: Theme parsing error: gtk-widgets.css:2051:13: 'min-width' is not a valid property name
1522008929574	Marionette	INFO	Enabled via --marionette

(/usr/lib/firefox/firefox:18618): Gtk-WARNING **: Theme parsing error: gtk-widgets.css:2045:14: 'min-height' is not a valid property name

(/usr/lib/firefox/firefox:18618): Gtk-WARNING **: Theme parsing error: gtk-widgets.css:2046:13: 'min-width' is not a valid property name

(/usr/lib/firefox/firefox:18618): Gtk-WARNING **: Theme parsing error: gtk-widgets.css:2051:13: 'min-width' is not a valid property name

(/usr/lib/firefox/firefox:18656): Gtk-WARNING **: Theme parsing error: gtk-widgets.css:2045:14: 'min-height' is not a valid property name

(/usr/lib/firefox/firefox:18656): Gtk-WARNING **: Theme parsing error: gtk-widgets.css:2046:13: 'min-width' is not a valid property name

(/usr/lib/firefox/firefox:18656): Gtk-WARNING **: Theme parsing error: gtk-widgets.css:2051:13: 'min-width' is not a valid property name
1522008932482	Marionette	INFO	Listening on port 44721
1522008932518	Marionette	WARN	TLS certificate errors will be ignored for this session
JavaScript error: http://0.0.0.0:8090/static/bootstrap/js/bootstrap.min.js, line 6: Error: Bootstrap's JavaScript requires jQuery
1522008933961	geckodriver	INFO	geckodriver 0.18.0
1522008933968	geckodriver	INFO	Listening on 127.0.0.1:47525
1522008935050	geckodriver::marionette	INFO	Starting browser /usr/bin/firefox with args ["-marionette"]

(firefox:18721): Gtk-WARNING **: Theme parsing error: gtk-widgets.css:2045:14: 'min-height' is not a valid property name

(firefox:18721): Gtk-WARNING **: Theme parsing error: gtk-widgets.css:2046:13: 'min-width' is not a valid property name

(firefox:18721): Gtk-WARNING **: Theme parsing error: gtk-widgets.css:2051:13: 'min-width' is not a valid property name
1522008935818	Marionette	INFO	Enabled via --marionette

(/usr/lib/firefox/firefox:18775): Gtk-WARNING **: Theme parsing error: gtk-widgets.css:2045:14: 'min-height' is not a valid property name

(/usr/lib/firefox/firefox:18775): Gtk-WARNING **: Theme parsing error: gtk-widgets.css:2046:13: 'min-width' is not a valid property name

(/usr/lib/firefox/firefox:18775): Gtk-WARNING **: Theme parsing error: gtk-widgets.css:2051:13: 'min-width' is not a valid property name

(/usr/lib/firefox/firefox:18812): Gtk-WARNING **: Theme parsing error: gtk-widgets.css:2045:14: 'min-height' is not a valid property name

(/usr/lib/firefox/firefox:18812): Gtk-WARNING **: Theme parsing error: gtk-widgets.css:2046:13: 'min-width' is not a valid property name

(/usr/lib/firefox/firefox:18812): Gtk-WARNING **: Theme parsing error: gtk-widgets.css:2051:13: 'min-width' is not a valid property name
1522008938714	Marionette	INFO	Listening on port 46849
1522008938766	Marionette	WARN	TLS certificate errors will be ignored for this session
JavaScript error: http://0.0.0.0:8090/static/bootstrap/js/bootstrap.min.js, line 6: Error: Bootstrap's JavaScript requires jQuery
1522008940045	geckodriver	INFO	geckodriver 0.18.0
1522008940055	geckodriver	INFO	Listening on 127.0.0.1:38827
1522008941136	geckodriver::marionette	INFO	Starting browser /usr/bin/firefox with args ["-marionette"]

(firefox:18874): Gtk-WARNING **: Theme parsing error: gtk-widgets.css:2045:14: 'min-height' is not a valid property name

(firefox:18874): Gtk-WARNING **: Theme parsing error: gtk-widgets.css:2046:13: 'min-width' is not a valid property name

(firefox:18874): Gtk-WARNING **: Theme parsing error: gtk-widgets.css:2051:13: 'min-width' is not a valid property name
1522008941936	Marionette	INFO	Enabled via --marionette

(/usr/lib/firefox/firefox:18928): Gtk-WARNING **: Theme parsing error: gtk-widgets.css:2045:14: 'min-height' is not a valid property name

(/usr/lib/firefox/firefox:18928): Gtk-WARNING **: Theme parsing error: gtk-widgets.css:2046:13: 'min-width' is not a valid property name

(/usr/lib/firefox/firefox:18928): Gtk-WARNING **: Theme parsing error: gtk-widgets.css:2051:13: 'min-width' is not a valid property name

(/usr/lib/firefox/firefox:18966): Gtk-WARNING **: Theme parsing error: gtk-widgets.css:2045:14: 'min-height' is not a valid property name

(/usr/lib/firefox/firefox:18966): Gtk-WARNING **: Theme parsing error: gtk-widgets.css:2046:13: 'min-width' is not a valid property name

(/usr/lib/firefox/firefox:18966): Gtk-WARNING **: Theme parsing error: gtk-widgets.css:2051:13: 'min-width' is not a valid property name
1522008944818	Marionette	INFO	Listening on port 42689
1522008944864	Marionette	WARN	TLS certificate errors will be ignored for this session
JavaScript error: http://0.0.0.0:8090/static/bootstrap/js/bootstrap.min.js, line 6: Error: Bootstrap's JavaScript requires jQuery
1522008946168	geckodriver	INFO	geckodriver 0.18.0
1522008946185	geckodriver	INFO	Listening on 127.0.0.1:51471
1522008947258	geckodriver::marionette	INFO	Starting browser /usr/bin/firefox with args ["-marionette"]

(firefox:19028): Gtk-WARNING **: Theme parsing error: gtk-widgets.css:2045:14: 'min-height' is not a valid property name

(firefox:19028): Gtk-WARNING **: Theme parsing error: gtk-widgets.css:2046:13: 'min-width' is not a valid property name

(firefox:19028): Gtk-WARNING **: Theme parsing error: gtk-widgets.css:2051:13: 'min-width' is not a valid property name
1522008947978	Marionette	INFO	Enabled via --marionette

(/usr/lib/firefox/firefox:19082): Gtk-WARNING **: Theme parsing error: gtk-widgets.css:2045:14: 'min-height' is not a valid property name

(/usr/lib/firefox/firefox:19082): Gtk-WARNING **: Theme parsing error: gtk-widgets.css:2046:13: 'min-width' is not a valid property name

(/usr/lib/firefox/firefox:19082): Gtk-WARNING **: Theme parsing error: gtk-widgets.css:2051:13: 'min-width' is not a valid property name

(/usr/lib/firefox/firefox:19121): Gtk-WARNING **: Theme parsing error: gtk-widgets.css:2045:14: 'min-height' is not a valid property name

(/usr/lib/firefox/firefox:19121): Gtk-WARNING **: Theme parsing error: gtk-widgets.css:2046:13: 'min-width' is not a valid property name

(/usr/lib/firefox/firefox:19121): Gtk-WARNING **: Theme parsing error: gtk-widgets.css:2051:13: 'min-width' is not a valid property name
1522008951040	Marionette	INFO	Listening on port 43929
1522008951078	Marionette	WARN	TLS certificate errors will be ignored for this session
JavaScript error: http://0.0.0.0:8090/static/bootstrap/js/bootstrap.min.js, line 6: Error: Bootstrap's JavaScript requires jQuery
1522008952371	geckodriver	INFO	geckodriver 0.18.0
1522008952375	geckodriver	INFO	Listening on 127.0.0.1:38881
1522008953463	geckodriver::marionette	INFO	Starting browser /usr/bin/firefox with args ["-marionette"]

(firefox:19179): Gtk-WARNING **: Theme parsing error: gtk-widgets.css:2045:14: 'min-height' is not a valid property name

(firefox:19179): Gtk-WARNING **: Theme parsing error: gtk-widgets.css:2046:13: 'min-width' is not a valid property name

(firefox:19179): Gtk-WARNING **: Theme parsing error: gtk-widgets.css:2051:13: 'min-width' is not a valid property name
1522008954222	Marionette	INFO	Enabled via --marionette

(/usr/lib/firefox/firefox:19233): Gtk-WARNING **: Theme parsing error: gtk-widgets.css:2045:14: 'min-height' is not a valid property name

(/usr/lib/firefox/firefox:19233): Gtk-WARNING **: Theme parsing error: gtk-widgets.css:2046:13: 'min-width' is not a valid property name

(/usr/lib/firefox/firefox:19233): Gtk-WARNING **: Theme parsing error: gtk-widgets.css:2051:13: 'min-width' is not a valid property name

(/usr/lib/firefox/firefox:19270): Gtk-WARNING **: Theme parsing error: gtk-widgets.css:2045:14: 'min-height' is not a valid property name

(/usr/lib/firefox/firefox:19270): Gtk-WARNING **: Theme parsing error: gtk-widgets.css:2046:13: 'min-width' is not a valid property name

(/usr/lib/firefox/firefox:19270): Gtk-WARNING **: Theme parsing error: gtk-widgets.css:2051:13: 'min-width' is not a valid property name
1522008957262	Marionette	INFO	Listening on port 40525
1522008957280	Marionette	WARN	TLS certificate errors will be ignored for this session
JavaScript error: http://0.0.0.0:8090/static/bootstrap/js/bootstrap.min.js, line 6: Error: Bootstrap's JavaScript requires jQuery
1522008958592	geckodriver	INFO	geckodriver 0.18.0
1522008958598	geckodriver	INFO	Listening on 127.0.0.1:48825
1522008959683	geckodriver::marionette	INFO	Starting browser /usr/bin/firefox with args ["-marionette"]

(firefox:19331): Gtk-WARNING **: Theme parsing error: gtk-widgets.css:2045:14: 'min-height' is not a valid property name

(firefox:19331): Gtk-WARNING **: Theme parsing error: gtk-widgets.css:2046:13: 'min-width' is not a valid property name

(firefox:19331): Gtk-WARNING **: Theme parsing error: gtk-widgets.css:2051:13: 'min-width' is not a valid property name
1522008960416	Marionette	INFO	Enabled via --marionette

(/usr/lib/firefox/firefox:19385): Gtk-WARNING **: Theme parsing error: gtk-widgets.css:2045:14: 'min-height' is not a valid property name

(/usr/lib/firefox/firefox:19385): Gtk-WARNING **: Theme parsing error: gtk-widgets.css:2046:13: 'min-width' is not a valid property name

(/usr/lib/firefox/firefox:19385): Gtk-WARNING **: Theme parsing error: gtk-widgets.css:2051:13: 'min-width' is not a valid property name

(/usr/lib/firefox/firefox:19422): Gtk-WARNING **: Theme parsing error: gtk-widgets.css:2045:14: 'min-height' is not a valid property name

(/usr/lib/firefox/firefox:19422): Gtk-WARNING **: Theme parsing error: gtk-widgets.css:2046:13: 'min-width' is not a valid property name

(/usr/lib/firefox/firefox:19422): Gtk-WARNING **: Theme parsing error: gtk-widgets.css:2051:13: 'min-width' is not a valid property name
1522008963320	Marionette	INFO	Listening on port 34517
1522008964384	Marionette	WARN	TLS certificate errors will be ignored for this session
JavaScript error: http://0.0.0.0:8090/static/bootstrap/js/bootstrap.min.js, line 6: Error: Bootstrap's JavaScript requires jQuery
[GFX1-]: Receive IPC close with reason=AbnormalShutdown
1522008964790	geckodriver	INFO	geckodriver 0.18.0
1522008964808	geckodriver	INFO	Listening on 127.0.0.1:47355
1522008965880	geckodriver::marionette	INFO	Starting browser /usr/bin/firefox with args ["-marionette"]

(firefox:19482): Gtk-WARNING **: Theme parsing error: gtk-widgets.css:2045:14: 'min-height' is not a valid property name

(firefox:19482): Gtk-WARNING **: Theme parsing error: gtk-widgets.css:2046:13: 'min-width' is not a valid property name

(firefox:19482): Gtk-WARNING **: Theme parsing error: gtk-widgets.css:2051:13: 'min-width' is not a valid property name
1522008966640	Marionette	INFO	Enabled via --marionette

(/usr/lib/firefox/firefox:19536): Gtk-WARNING **: Theme parsing error: gtk-widgets.css:2045:14: 'min-height' is not a valid property name

(/usr/lib/firefox/firefox:19536): Gtk-WARNING **: Theme parsing error: gtk-widgets.css:2046:13: 'min-width' is not a valid property name

(/usr/lib/firefox/firefox:19536): Gtk-WARNING **: Theme parsing error: gtk-widgets.css:2051:13: 'min-width' is not a valid property name

(/usr/lib/firefox/firefox:19573): Gtk-WARNING **: Theme parsing error: gtk-widgets.css:2045:14: 'min-height' is not a valid property name

(/usr/lib/firefox/firefox:19573): Gtk-WARNING **: Theme parsing error: gtk-widgets.css:2046:13: 'min-width' is not a valid property name

(/usr/lib/firefox/firefox:19573): Gtk-WARNING **: Theme parsing error: gtk-widgets.css:2051:13: 'min-width' is not a valid property name
1522008969782	Marionette	INFO	Listening on port 33839
1522008969798	Marionette	WARN	TLS certificate errors will be ignored for this session
JavaScript error: http://0.0.0.0:8090/static/bootstrap/js/bootstrap.min.js, line 6: Error: Bootstrap's JavaScript requires jQuery
